Analysis & Synthesis report for aes
Thu Dec 08 17:25:10 2016
Quartus II 32-bit Version 13.0.1 Build 232 06/12/2013 Service Pack 1 SJ Full Version


---------------------
; Table of Contents ;
---------------------
  1. Legal Notice
  2. Analysis & Synthesis Summary
  3. Analysis & Synthesis Settings
  4. Parallel Compilation
  5. Analysis & Synthesis Source Files Read
  6. Analysis & Synthesis Resource Usage Summary
  7. Analysis & Synthesis Resource Utilization by Entity
  8. State Machine - |aes|keysched:ks1|state
  9. State Machine - |aes|mixcolum:mix1|state
 10. Registers Removed During Synthesis
 11. General Register Statistics
 12. Multiplexer Restructuring Statistics (Restructuring Performed)
 13. Elapsed Time Per Partition
 14. Analysis & Synthesis Messages



----------------
; Legal Notice ;
----------------
Copyright (C) 1991-2013 Altera Corporation
Your use of Altera Corporation's design tools, logic functions 
and other software and tools, and its AMPP partner logic 
functions, and any output files from any of the foregoing 
(including device programming or simulation files), and any 
associated documentation or information are expressly subject 
to the terms and conditions of the Altera Program License 
Subscription Agreement, Altera MegaCore Function License 
Agreement, or other applicable license agreement, including, 
without limitation, that your use is for the sole purpose of 
programming logic devices manufactured by Altera and sold by 
Altera or its authorized distributors.  Please refer to the 
applicable agreement for further details.



+---------------------------------------------------------------------------------------+
; Analysis & Synthesis Summary                                                          ;
+------------------------------------+--------------------------------------------------+
; Analysis & Synthesis Status        ; Successful - Thu Dec 08 17:25:10 2016            ;
; Quartus II 32-bit Version          ; 13.0.1 Build 232 06/12/2013 SP 1 SJ Full Version ;
; Revision Name                      ; aes                                              ;
; Top-level Entity Name              ; aes                                              ;
; Family                             ; Cyclone IV E                                     ;
; Total logic elements               ; 1,687                                            ;
;     Total combinational functions  ; 1,432                                            ;
;     Dedicated logic registers      ; 707                                              ;
; Total registers                    ; 707                                              ;
; Total pins                         ; 390                                              ;
; Total virtual pins                 ; 0                                                ;
; Total memory bits                  ; 0                                                ;
; Embedded Multiplier 9-bit elements ; 0                                                ;
; Total PLLs                         ; 0                                                ;
+------------------------------------+--------------------------------------------------+


+----------------------------------------------------------------------------------------------------------------------+
; Analysis & Synthesis Settings                                                                                        ;
+----------------------------------------------------------------------------+--------------------+--------------------+
; Option                                                                     ; Setting            ; Default Value      ;
+----------------------------------------------------------------------------+--------------------+--------------------+
; Device                                                                     ; EP4CE115F29C7      ;                    ;
; Top-level entity name                                                      ; aes                ; aes                ;
; Family name                                                                ; Cyclone IV E       ; Cyclone IV GX      ;
; Use smart compilation                                                      ; Off                ; Off                ;
; Enable parallel Assembler and TimeQuest Timing Analyzer during compilation ; On                 ; On                 ;
; Enable compact report table                                                ; Off                ; Off                ;
; Restructure Multiplexers                                                   ; Auto               ; Auto               ;
; Create Debugging Nodes for IP Cores                                        ; Off                ; Off                ;
; Preserve fewer node names                                                  ; On                 ; On                 ;
; Disable OpenCore Plus hardware evaluation                                  ; Off                ; Off                ;
; Verilog Version                                                            ; Verilog_2001       ; Verilog_2001       ;
; VHDL Version                                                               ; VHDL_1993          ; VHDL_1993          ;
; State Machine Processing                                                   ; Auto               ; Auto               ;
; Safe State Machine                                                         ; Off                ; Off                ;
; Extract Verilog State Machines                                             ; On                 ; On                 ;
; Extract VHDL State Machines                                                ; On                 ; On                 ;
; Ignore Verilog initial constructs                                          ; Off                ; Off                ;
; Iteration limit for constant Verilog loops                                 ; 5000               ; 5000               ;
; Iteration limit for non-constant Verilog loops                             ; 250                ; 250                ;
; Add Pass-Through Logic to Inferred RAMs                                    ; On                 ; On                 ;
; Infer RAMs from Raw Logic                                                  ; On                 ; On                 ;
; Parallel Synthesis                                                         ; On                 ; On                 ;
; DSP Block Balancing                                                        ; Auto               ; Auto               ;
; NOT Gate Push-Back                                                         ; On                 ; On                 ;
; Power-Up Don't Care                                                        ; On                 ; On                 ;
; Remove Redundant Logic Cells                                               ; Off                ; Off                ;
; Remove Duplicate Registers                                                 ; On                 ; On                 ;
; Ignore CARRY Buffers                                                       ; Off                ; Off                ;
; Ignore CASCADE Buffers                                                     ; Off                ; Off                ;
; Ignore GLOBAL Buffers                                                      ; Off                ; Off                ;
; Ignore ROW GLOBAL Buffers                                                  ; Off                ; Off                ;
; Ignore LCELL Buffers                                                       ; Off                ; Off                ;
; Ignore SOFT Buffers                                                        ; On                 ; On                 ;
; Limit AHDL Integers to 32 Bits                                             ; Off                ; Off                ;
; Optimization Technique                                                     ; Balanced           ; Balanced           ;
; Carry Chain Length                                                         ; 70                 ; 70                 ;
; Auto Carry Chains                                                          ; On                 ; On                 ;
; Auto Open-Drain Pins                                                       ; On                 ; On                 ;
; Perform WYSIWYG Primitive Resynthesis                                      ; Off                ; Off                ;
; Auto ROM Replacement                                                       ; On                 ; On                 ;
; Auto RAM Replacement                                                       ; On                 ; On                 ;
; Auto DSP Block Replacement                                                 ; On                 ; On                 ;
; Auto Shift Register Replacement                                            ; Auto               ; Auto               ;
; Allow Shift Register Merging across Hierarchies                            ; Auto               ; Auto               ;
; Auto Clock Enable Replacement                                              ; On                 ; On                 ;
; Strict RAM Replacement                                                     ; Off                ; Off                ;
; Allow Synchronous Control Signals                                          ; On                 ; On                 ;
; Force Use of Synchronous Clear Signals                                     ; Off                ; Off                ;
; Auto RAM Block Balancing                                                   ; On                 ; On                 ;
; Auto RAM to Logic Cell Conversion                                          ; Off                ; Off                ;
; Auto Resource Sharing                                                      ; Off                ; Off                ;
; Allow Any RAM Size For Recognition                                         ; Off                ; Off                ;
; Allow Any ROM Size For Recognition                                         ; Off                ; Off                ;
; Allow Any Shift Register Size For Recognition                              ; Off                ; Off                ;
; Use LogicLock Constraints during Resource Balancing                        ; On                 ; On                 ;
; Ignore translate_off and synthesis_off directives                          ; Off                ; Off                ;
; Timing-Driven Synthesis                                                    ; On                 ; On                 ;
; Report Parameter Settings                                                  ; On                 ; On                 ;
; Report Source Assignments                                                  ; On                 ; On                 ;
; Report Connectivity Checks                                                 ; On                 ; On                 ;
; Ignore Maximum Fan-Out Assignments                                         ; Off                ; Off                ;
; Synchronization Register Chain Length                                      ; 2                  ; 2                  ;
; PowerPlay Power Optimization                                               ; Normal compilation ; Normal compilation ;
; HDL message level                                                          ; Level2             ; Level2             ;
; Suppress Register Optimization Related Messages                            ; Off                ; Off                ;
; Number of Removed Registers Reported in Synthesis Report                   ; 5000               ; 5000               ;
; Number of Swept Nodes Reported in Synthesis Report                         ; 5000               ; 5000               ;
; Number of Inverted Registers Reported in Synthesis Report                  ; 100                ; 100                ;
; Clock MUX Protection                                                       ; On                 ; On                 ;
; Auto Gated Clock Conversion                                                ; Off                ; Off                ;
; Block Design Naming                                                        ; Auto               ; Auto               ;
; SDC constraint protection                                                  ; Off                ; Off                ;
; Synthesis Effort                                                           ; Auto               ; Auto               ;
; Shift Register Replacement - Allow Asynchronous Clear Signal               ; On                 ; On                 ;
; Pre-Mapping Resynthesis Optimization                                       ; Off                ; Off                ;
; Analysis & Synthesis Message Level                                         ; Medium             ; Medium             ;
; Disable Register Merging Across Hierarchies                                ; Auto               ; Auto               ;
; Resource Aware Inference For Block RAM                                     ; On                 ; On                 ;
; Synthesis Seed                                                             ; 1                  ; 1                  ;
+----------------------------------------------------------------------------+--------------------+--------------------+


+------------------------------------------+
; Parallel Compilation                     ;
+----------------------------+-------------+
; Processors                 ; Number      ;
+----------------------------+-------------+
; Number detected on machine ; 2           ;
; Maximum allowed            ; 2           ;
;                            ;             ;
; Average used               ; 1.00        ;
; Maximum used               ; 2           ;
;                            ;             ;
; Usage by Processor         ; % Time Used ;
;     Processor 1            ; 100.0%      ;
;     Processor 2            ; < 0.1%      ;
+----------------------------+-------------+


+-----------------------------------------------------------------------------------------------------------------------------------------+
; Analysis & Synthesis Source Files Read                                                                                                  ;
+----------------------------------+-----------------+------------------------+-------------------------------------------------+---------+
; File Name with User-Entered Path ; Used in Netlist ; File Type              ; File Name with Absolute Path                    ; Library ;
+----------------------------------+-----------------+------------------------+-------------------------------------------------+---------+
; word_mixcolum.v                  ; yes             ; User Verilog HDL File  ; F:/fpga_money/AES_8089/AES_1243/word_mixcolum.v ;         ;
; timescale.v                      ; yes             ; User Verilog HDL File  ; F:/fpga_money/AES_8089/AES_1243/timescale.v     ;         ;
; subbytes.v                       ; yes             ; User Verilog HDL File  ; F:/fpga_money/AES_8089/AES_1243/subbytes.v      ;         ;
; sbox.v                           ; yes             ; User Verilog HDL File  ; F:/fpga_money/AES_8089/AES_1243/sbox.v          ;         ;
; mixcolum.v                       ; yes             ; User Verilog HDL File  ; F:/fpga_money/AES_8089/AES_1243/mixcolum.v      ;         ;
; keysched.v                       ; yes             ; User Verilog HDL File  ; F:/fpga_money/AES_8089/AES_1243/keysched.v      ;         ;
; byte_mixcolum.v                  ; yes             ; User Verilog HDL File  ; F:/fpga_money/AES_8089/AES_1243/byte_mixcolum.v ;         ;
; aes.v                            ; yes             ; User Verilog HDL File  ; F:/fpga_money/AES_8089/AES_1243/aes.v           ;         ;
+----------------------------------+-----------------+------------------------+-------------------------------------------------+---------+


+---------------------------------------------------------+
; Analysis & Synthesis Resource Usage Summary             ;
+---------------------------------------------+-----------+
; Resource                                    ; Usage     ;
+---------------------------------------------+-----------+
; Estimated Total logic elements              ; 1,687     ;
;                                             ;           ;
; Total combinational functions               ; 1432      ;
; Logic element usage by number of LUT inputs ;           ;
;     -- 4 input functions                    ; 1131      ;
;     -- 3 input functions                    ; 195       ;
;     -- <=2 input functions                  ; 106       ;
;                                             ;           ;
; Logic elements by mode                      ;           ;
;     -- normal mode                          ; 1397      ;
;     -- arithmetic mode                      ; 35        ;
;                                             ;           ;
; Total registers                             ; 707       ;
;     -- Dedicated logic registers            ; 707       ;
;     -- I/O registers                        ; 0         ;
;                                             ;           ;
; I/O pins                                    ; 390       ;
; Embedded Multiplier 9-bit elements          ; 0         ;
; Maximum fan-out node                        ; clk~input ;
; Maximum fan-out                             ; 707       ;
; Total fan-out                               ; 8721      ;
; Average fan-out                             ; 2.99      ;
+---------------------------------------------+-----------+


+-----------------------------------------------------------------------------------------------------------------------------------------------------------------------------------------------------------------+
; Analysis & Synthesis Resource Utilization by Entity                                                                                                                                                             ;
+------------------------------+-------------------+--------------+-------------+--------------+---------+-----------+------+--------------+-------------------------------------------------------+--------------+
; Compilation Hierarchy Node   ; LC Combinationals ; LC Registers ; Memory Bits ; DSP Elements ; DSP 9x9 ; DSP 18x18 ; Pins ; Virtual Pins ; Full Hierarchy Name                                   ; Library Name ;
+------------------------------+-------------------+--------------+-------------+--------------+---------+-----------+------+--------------+-------------------------------------------------------+--------------+
; |aes                         ; 1432 (595)        ; 707 (174)    ; 0           ; 0            ; 0       ; 0         ; 390  ; 0            ; |aes                                                  ; work         ;
;    |keysched:ks1|            ; 138 (138)         ; 158 (158)    ; 0           ; 0            ; 0       ; 0         ; 0    ; 0            ; |aes|keysched:ks1                                     ; work         ;
;    |mixcolum:mix1|           ; 302 (217)         ; 229 (229)    ; 0           ; 0            ; 0       ; 0         ; 0    ; 0            ; |aes|mixcolum:mix1                                    ; work         ;
;       |word_mixcolum:w1|     ; 85 (0)            ; 0 (0)        ; 0           ; 0            ; 0       ; 0         ; 0    ; 0            ; |aes|mixcolum:mix1|word_mixcolum:w1                   ; work         ;
;          |byte_mixcolum:bm1| ; 13 (13)           ; 0 (0)        ; 0           ; 0            ; 0       ; 0         ; 0    ; 0            ; |aes|mixcolum:mix1|word_mixcolum:w1|byte_mixcolum:bm1 ; work         ;
;          |byte_mixcolum:bm2| ; 13 (13)           ; 0 (0)        ; 0           ; 0            ; 0       ; 0         ; 0    ; 0            ; |aes|mixcolum:mix1|word_mixcolum:w1|byte_mixcolum:bm2 ; work         ;
;          |byte_mixcolum:bm3| ; 25 (25)           ; 0 (0)        ; 0           ; 0            ; 0       ; 0         ; 0    ; 0            ; |aes|mixcolum:mix1|word_mixcolum:w1|byte_mixcolum:bm3 ; work         ;
;          |byte_mixcolum:bm4| ; 34 (34)           ; 0 (0)        ; 0           ; 0            ; 0       ; 0         ; 0    ; 0            ; |aes|mixcolum:mix1|word_mixcolum:w1|byte_mixcolum:bm4 ; work         ;
;    |sbox:sbox1|              ; 96 (96)           ; 12 (12)      ; 0           ; 0            ; 0       ; 0         ; 0    ; 0            ; |aes|sbox:sbox1                                       ; work         ;
;    |subbytes:sub1|           ; 301 (301)         ; 134 (134)    ; 0           ; 0            ; 0       ; 0         ; 0    ; 0            ; |aes|subbytes:sub1                                    ; work         ;
+------------------------------+-------------------+--------------+-------------+--------------+---------+-----------+------+--------------+-------------------------------------------------------+--------------+
Note: For table entries with two numbers listed, the numbers in parentheses indicate the number of resources of the given type used by the specific entity alone. The numbers listed outside of parentheses indicate the total resources of the given type used by the specific entity and all of its sub-entities in the hierarchy.


Encoding Type:  One-Hot
+-----------------------------------------------------------------------+
; State Machine - |aes|keysched:ks1|state                               ;
+-----------+-----------+-----------+-----------+-----------+-----------+
; Name      ; state.011 ; state.010 ; state.001 ; state.000 ; state.100 ;
+-----------+-----------+-----------+-----------+-----------+-----------+
; state.000 ; 0         ; 0         ; 0         ; 0         ; 0         ;
; state.001 ; 0         ; 0         ; 1         ; 1         ; 0         ;
; state.010 ; 0         ; 1         ; 0         ; 1         ; 0         ;
; state.011 ; 1         ; 0         ; 0         ; 1         ; 0         ;
; state.100 ; 0         ; 0         ; 0         ; 1         ; 1         ;
+-----------+-----------+-----------+-----------+-----------+-----------+


Encoding Type:  One-Hot
+------------------------------------------------------+
; State Machine - |aes|mixcolum:mix1|state             ;
+----------+----------+----------+----------+----------+
; Name     ; state.11 ; state.10 ; state.01 ; state.00 ;
+----------+----------+----------+----------+----------+
; state.00 ; 0        ; 0        ; 0        ; 0        ;
; state.01 ; 0        ; 0        ; 1        ; 1        ;
; state.10 ; 0        ; 1        ; 0        ; 1        ;
; state.11 ; 1        ; 0        ; 0        ; 1        ;
+----------+----------+----------+----------+----------+


+------------------------------------------------------------+
; Registers Removed During Synthesis                         ;
+---------------------------------------+--------------------+
; Register name                         ; Reason for Removal ;
+---------------------------------------+--------------------+
; keysched:ks1|state~4                  ; Lost fanout        ;
; keysched:ks1|state~5                  ; Lost fanout        ;
; mixcolum:mix1|state~4                 ; Lost fanout        ;
; mixcolum:mix1|state~5                 ; Lost fanout        ;
; Total Number of Removed Registers = 4 ;                    ;
+---------------------------------------+--------------------+


+------------------------------------------------------+
; General Register Statistics                          ;
+----------------------------------------------+-------+
; Statistic                                    ; Value ;
+----------------------------------------------+-------+
; Total registers                              ; 707   ;
; Number of registers using Synchronous Clear  ; 3     ;
; Number of registers using Synchronous Load   ; 59    ;
; Number of registers using Asynchronous Clear ; 707   ;
; Number of registers using Asynchronous Load  ; 0     ;
; Number of registers using Clock Enable       ; 640   ;
; Number of registers using Preset             ; 0     ;
+----------------------------------------------+-------+


+------------------------------------------------------------------------------------------------------------------------------------------------+
; Multiplexer Restructuring Statistics (Restructuring Performed)                                                                                 ;
+--------------------+-----------+---------------+----------------------+------------------------+------------+----------------------------------+
; Multiplexer Inputs ; Bus Width ; Baseline Area ; Area if Restructured ; Saving if Restructured ; Registered ; Example Multiplexer Output       ;
+--------------------+-----------+---------------+----------------------+------------------------+------------+----------------------------------+
; 4:1                ; 4 bits    ; 8 LEs         ; 8 LEs                ; 0 LEs                  ; Yes        ; |aes|addroundkey_round[3]        ;
; 4:1                ; 128 bits  ; 256 LEs       ; 128 LEs              ; 128 LEs                ; Yes        ; |aes|addroundkey_data_reg[108]   ;
; 4:1                ; 8 bits    ; 16 LEs        ; 8 LEs                ; 8 LEs                  ; Yes        ; |aes|subbytes:sub1|data_reg[106] ;
; 4:1                ; 8 bits    ; 16 LEs        ; 8 LEs                ; 8 LEs                  ; Yes        ; |aes|subbytes:sub1|data_reg[79]  ;
; 4:1                ; 8 bits    ; 16 LEs        ; 8 LEs                ; 8 LEs                  ; Yes        ; |aes|subbytes:sub1|data_reg[40]  ;
; 4:1                ; 8 bits    ; 16 LEs        ; 8 LEs                ; 8 LEs                  ; Yes        ; |aes|subbytes:sub1|data_reg[15]  ;
; 5:1                ; 8 bits    ; 24 LEs        ; 16 LEs               ; 8 LEs                  ; Yes        ; |aes|subbytes:sub1|data_reg[114] ;
; 5:1                ; 8 bits    ; 24 LEs        ; 8 LEs                ; 16 LEs                 ; Yes        ; |aes|subbytes:sub1|data_reg[100] ;
; 5:1                ; 8 bits    ; 24 LEs        ; 16 LEs               ; 8 LEs                  ; Yes        ; |aes|subbytes:sub1|data_reg[85]  ;
; 5:1                ; 8 bits    ; 24 LEs        ; 16 LEs               ; 8 LEs                  ; Yes        ; |aes|subbytes:sub1|data_reg[65]  ;
; 5:1                ; 8 bits    ; 24 LEs        ; 16 LEs               ; 8 LEs                  ; Yes        ; |aes|subbytes:sub1|data_reg[54]  ;
; 5:1                ; 8 bits    ; 24 LEs        ; 8 LEs                ; 16 LEs                 ; Yes        ; |aes|subbytes:sub1|data_reg[35]  ;
; 5:1                ; 8 bits    ; 24 LEs        ; 16 LEs               ; 8 LEs                  ; Yes        ; |aes|subbytes:sub1|data_reg[17]  ;
; 5:1                ; 8 bits    ; 24 LEs        ; 16 LEs               ; 8 LEs                  ; Yes        ; |aes|subbytes:sub1|data_reg[6]   ;
; 7:1                ; 2 bits    ; 8 LEs         ; 4 LEs                ; 4 LEs                  ; Yes        ; |aes|round[3]                    ;
; 4:1                ; 4 bits    ; 8 LEs         ; 8 LEs                ; 0 LEs                  ; No         ; |aes|keysched_round_i[1]         ;
; 4:1                ; 128 bits  ; 256 LEs       ; 128 LEs              ; 128 LEs                ; No         ; |aes|keysched_last_key_i[77]     ;
; 7:1                ; 8 bits    ; 32 LEs        ; 32 LEs               ; 0 LEs                  ; No         ; |aes|sbox_data_i[7]              ;
; 7:1                ; 128 bits  ; 512 LEs       ; 256 LEs              ; 256 LEs                ; No         ; |aes|addroundkey_data_i[79]      ;
; 9:1                ; 32 bits   ; 192 LEs       ; 160 LEs              ; 32 LEs                 ; No         ; |aes|mixcolum:mix1|Selector21    ;
; 31:1               ; 8 bits    ; 160 LEs       ; 160 LEs              ; 0 LEs                  ; No         ; |aes|subbytes:sub1|Mux3          ;
+--------------------+-----------+---------------+----------------------+------------------------+------------+----------------------------------+


+-------------------------------+
; Elapsed Time Per Partition    ;
+----------------+--------------+
; Partition Name ; Elapsed Time ;
+----------------+--------------+
; Top            ; 00:00:21     ;
+----------------+--------------+


+-------------------------------+
; Analysis & Synthesis Messages ;
+-------------------------------+
Info: *******************************************************************
Info: Running Quartus II 32-bit Analysis & Synthesis
    Info: Version 13.0.1 Build 232 06/12/2013 Service Pack 1 SJ Full Version
    Info: Processing started: Thu Dec 08 17:24:43 2016
Info: Command: quartus_map --read_settings_files=on --write_settings_files=off aes -c aes
Info (20030): Parallel compilation is enabled and will use 2 of the 2 processors detected
Info (12021): Found 1 design units, including 1 entities, in source file word_mixcolum.v
    Info (12023): Found entity 1: word_mixcolum
Info (12021): Found 1 design units, including 1 entities, in source file wb_aescontroller.v
    Info (12023): Found entity 1: wb_aes_controller
Info (12021): Found 0 design units, including 0 entities, in source file timescale.v
Info (12021): Found 1 design units, including 1 entities, in source file subbytes.v
    Info (12023): Found entity 1: subbytes
Info (12021): Found 1 design units, including 1 entities, in source file sbox.v
    Info (12023): Found entity 1: sbox
Info (12021): Found 1 design units, including 1 entities, in source file mixcolum.v
    Info (12023): Found entity 1: mixcolum
Info (12021): Found 1 design units, including 1 entities, in source file keysched.v
    Info (12023): Found entity 1: keysched
Info (12021): Found 1 design units, including 1 entities, in source file byte_mixcolum.v
    Info (12023): Found entity 1: byte_mixcolum
Info (12021): Found 1 design units, including 1 entities, in source file aes.v
    Info (12023): Found entity 1: aes
Info (12127): Elaborating entity "aes" for the top level hierarchy
Warning (10230): Verilog HDL assignment warning at aes.v(172): truncated value with size 32 to match size of target (4)
Warning (10230): Verilog HDL assignment warning at aes.v(180): truncated value with size 32 to match size of target (4)
Warning (10230): Verilog HDL assignment warning at aes.v(196): truncated value with size 32 to match size of target (4)
Warning (10230): Verilog HDL assignment warning at aes.v(276): truncated value with size 32 to match size of target (4)
Warning (10230): Verilog HDL assignment warning at aes.v(279): truncated value with size 32 to match size of target (4)
Warning (10240): Verilog HDL Always Construct warning at aes.v(236): inferring latch(es) for variable "data_var", which holds its previous value in one or more paths through the always construct
Warning (10240): Verilog HDL Always Construct warning at aes.v(236): inferring latch(es) for variable "round_key_var", which holds its previous value in one or more paths through the always construct
Info (12128): Elaborating entity "sbox" for hierarchy "sbox:sbox1"
Warning (10240): Verilog HDL Always Construct warning at sbox.v(58): inferring latch(es) for variable "first_mux_aD", which holds its previous value in one or more paths through the always construct
Warning (10240): Verilog HDL Always Construct warning at sbox.v(118): inferring latch(es) for variable "end_mux_aA", which holds its previous value in one or more paths through the always construct
Warning (10240): Verilog HDL Always Construct warning at sbox.v(118): inferring latch(es) for variable "end_mux_aB", which holds its previous value in one or more paths through the always construct
Warning (10240): Verilog HDL Always Construct warning at sbox.v(118): inferring latch(es) for variable "end_mux_aC", which holds its previous value in one or more paths through the always construct
Warning (10240): Verilog HDL Always Construct warning at sbox.v(118): inferring latch(es) for variable "end_mux_aD", which holds its previous value in one or more paths through the always construct
Warning (10240): Verilog HDL Always Construct warning at sbox.v(118): inferring latch(es) for variable "end_mux_data_o_var", which holds its previous value in one or more paths through the always construct
Warning (10230): Verilog HDL assignment warning at sbox.v(166): truncated value with size 4 to match size of target (1)
Warning (10230): Verilog HDL assignment warning at sbox.v(167): truncated value with size 4 to match size of target (1)
Warning (10230): Verilog HDL assignment warning at sbox.v(168): truncated value with size 4 to match size of target (1)
Warning (10230): Verilog HDL assignment warning at sbox.v(169): truncated value with size 4 to match size of target (1)
Warning (10230): Verilog HDL assignment warning at sbox.v(170): truncated value with size 4 to match size of target (1)
Warning (10230): Verilog HDL assignment warning at sbox.v(171): truncated value with size 4 to match size of target (1)
Warning (10230): Verilog HDL assignment warning at sbox.v(172): truncated value with size 4 to match size of target (1)
Warning (10230): Verilog HDL assignment warning at sbox.v(188): truncated value with size 4 to match size of target (1)
Warning (10230): Verilog HDL assignment warning at sbox.v(189): truncated value with size 4 to match size of target (1)
Warning (10230): Verilog HDL assignment warning at sbox.v(190): truncated value with size 4 to match size of target (1)
Warning (10230): Verilog HDL assignment warning at sbox.v(208): truncated value with size 4 to match size of target (1)
Warning (10230): Verilog HDL assignment warning at sbox.v(209): truncated value with size 4 to match size of target (1)
Warning (10230): Verilog HDL assignment warning at sbox.v(210): truncated value with size 4 to match size of target (1)
Warning (10230): Verilog HDL assignment warning at sbox.v(228): truncated value with size 4 to match size of target (1)
Warning (10230): Verilog HDL assignment warning at sbox.v(229): truncated value with size 4 to match size of target (1)
Warning (10230): Verilog HDL assignment warning at sbox.v(230): truncated value with size 4 to match size of target (1)
Warning (10230): Verilog HDL assignment warning at sbox.v(245): truncated value with size 4 to match size of target (1)
Warning (10230): Verilog HDL assignment warning at sbox.v(246): truncated value with size 4 to match size of target (1)
Warning (10230): Verilog HDL assignment warning at sbox.v(247): truncated value with size 4 to match size of target (1)
Warning (10230): Verilog HDL assignment warning at sbox.v(248): truncated value with size 4 to match size of target (1)
Warning (10230): Verilog HDL assignment warning at sbox.v(274): truncated value with size 4 to match size of target (1)
Warning (10230): Verilog HDL assignment warning at sbox.v(277): truncated value with size 4 to match size of target (1)
Info (12128): Elaborating entity "subbytes" for hierarchy "subbytes:sub1"
Warning (10230): Verilog HDL assignment warning at subbytes.v(196): truncated value with size 32 to match size of target (5)
Warning (10240): Verilog HDL Always Construct warning at subbytes.v(108): inferring latch(es) for variable "data_reg_128", which holds its previous value in one or more paths through the always construct
Info (12128): Elaborating entity "mixcolum" for hierarchy "mixcolum:mix1"
Warning (10240): Verilog HDL Always Construct warning at mixcolum.v(78): inferring latch(es) for variable "aux", which holds its previous value in one or more paths through the always construct
Info (12128): Elaborating entity "word_mixcolum" for hierarchy "mixcolum:mix1|word_mixcolum:w1"
Info (12128): Elaborating entity "byte_mixcolum" for hierarchy "mixcolum:mix1|word_mixcolum:w1|byte_mixcolum:bm1"
Info (12128): Elaborating entity "keysched" for hierarchy "keysched:ks1"
Info (286030): Timing-Driven Synthesis is running
Info (17049): 4 registers lost all their fanouts during netlist optimizations.
Info (16010): Generating hard_block partition "hard_block:auto_generated_inst"
    Info (16011): Adding 0 node(s), including 0 DDIO, 0 PLL, 0 transceiver and 0 LCELL
Info (21057): Implemented 2223 device resources after synthesis - the final resource count might be different
    Info (21058): Implemented 260 input pins
    Info (21059): Implemented 130 output pins
    Info (21061): Implemented 1833 logic cells
Info: Quartus II 32-bit Analysis & Synthesis was successful. 0 errors, 38 warnings
    Info: Peak virtual memory: 584 megabytes
    Info: Processing ended: Thu Dec 08 17:25:10 2016
    Info: Elapsed time: 00:00:27
    Info: Total CPU time (on all processors): 00:00:27


